<?xml version="1.0" encoding="UTF-8"?>
<Site BuildName="(empty)"
	BuildStamp="20230506-0859-Experimental"
	Name="(empty)"
	Generator="ctest-3.16.3"
	CompilerName=""
	CompilerVersion=""
	OSName="Linux"
	Hostname="velllum-HP-ProBook-450-G7"
	OSRelease="5.15.0-71-generic"
	OSVersion="#78~20.04.1-Ubuntu SMP Wed Apr 19 11:26:48 UTC 2023"
	OSPlatform="x86_64"
	Is64Bits="1"
	VendorString="GenuineIntel"
	VendorID="Intel Corporation"
	FamilyID="6"
	ModelID="142"
	ProcessorCacheSize="6144"
	NumberOfLogicalCPU="8"
	NumberOfPhysicalCPU="4"
	TotalVirtualMemory="2047"
	TotalPhysicalMemory="7788"
	LogicalProcessorsPerPhysical="2"
	ProcessorClockFrequency="2396.72"
	>
	<Testing>
		<StartDateTime>May 06 12:00 MSK</StartDateTime>
		<StartTestTime>1683363622</StartTestTime>
		<TestList/>
		<EndDateTime>May 06 12:00 MSK</EndDateTime>
		<EndTestTime>1683363622</EndTestTime>
		<ElapsedMinutes>0</ElapsedMinutes>
	</Testing>
</Site>
